\BOOKMARK [0][-]{chapter.1}{\376\377\000E\000x\000e\000c\000u\000t\000i\000v\000e\000\040\000S\000u\000m\000m\000a\000r\000y}{}% 1
\BOOKMARK [1][-]{section.1.1}{\376\377\000V\000i\000s\000i\000o\000n}{chapter.1}% 2
\BOOKMARK [1][-]{section.1.2}{\376\377\000C\000o\000r\000e\000\040\000A\000r\000c\000h\000i\000t\000e\000c\000t\000u\000r\000e}{chapter.1}% 3
\BOOKMARK [1][-]{section.1.3}{\376\377\000K\000e\000y\000\040\000N\000u\000m\000b\000e\000r\000s}{chapter.1}% 4
\BOOKMARK [1][-]{section.1.4}{\376\377\000W\000h\000y\000\040\000T\000h\000i\000s\000\040\000M\000a\000t\000t\000e\000r\000s}{chapter.1}% 5
\BOOKMARK [0][-]{chapter.2}{\376\377\000S\000y\000s\000t\000e\000m\000\040\000A\000r\000c\000h\000i\000t\000e\000c\000t\000u\000r\000e}{}% 6
\BOOKMARK [1][-]{section.2.1}{\376\377\000H\000i\000g\000h\000-\000L\000e\000v\000e\000l\000\040\000A\000r\000c\000h\000i\000t\000e\000c\000t\000u\000r\000e}{chapter.2}% 7
\BOOKMARK [1][-]{section.2.2}{\376\377\000C\000o\000m\000p\000o\000n\000e\000n\000t\000\040\000O\000v\000e\000r\000v\000i\000e\000w}{chapter.2}% 8
\BOOKMARK [1][-]{section.2.3}{\376\377\000D\000a\000t\000a\000\040\000F\000l\000o\000w\000\040\000O\000v\000e\000r\000v\000i\000e\000w}{chapter.2}% 9
\BOOKMARK [0][-]{chapter.3}{\376\377\000T\000e\000c\000h\000n\000o\000l\000o\000g\000y\000\040\000S\000t\000a\000c\000k}{}% 10
\BOOKMARK [1][-]{section.3.1}{\376\377\000M\000o\000n\000g\000o\000D\000B\000\040\040\024\000\040\000T\000h\000e\000\040\000U\000n\000i\000v\000e\000r\000s\000a\000l\000\040\000D\000a\000t\000a\000b\000a\000s\000e}{chapter.3}% 11
\BOOKMARK [2][-]{subsection.3.1.1}{\376\377\000W\000h\000a\000t\000\040\000M\000o\000n\000g\000o\000D\000B\000\040\000R\000e\000p\000l\000a\000c\000e\000s}{section.3.1}% 12
\BOOKMARK [2][-]{subsection.3.1.2}{\376\377\000D\000e\000c\000i\000s\000i\000o\000n\000\040\000R\000a\000t\000i\000o\000n\000a\000l\000e}{section.3.1}% 13
\BOOKMARK [1][-]{section.3.2}{\376\377\000P\000i\000\040\000S\000D\000K\000\040\040\024\000\040\000S\000i\000n\000g\000l\000e\000\040\000L\000L\000M\000\040\000L\000a\000y\000e\000r}{chapter.3}% 14
\BOOKMARK [1][-]{section.3.3}{\376\377\000L\000L\000M\000\040\000P\000r\000o\000v\000i\000d\000e\000r\000\040\000S\000t\000r\000a\000t\000e\000g\000y\000\040\040\024\000\040\000C\000o\000s\000t\000\040\000P\000y\000r\000a\000m\000i\000d}{chapter.3}% 15
\BOOKMARK [1][-]{section.3.4}{\376\377\000L\000a\000n\000g\000f\000u\000s\000e\000\040\040\024\000\040\000L\000L\000M\000\040\000O\000b\000s\000e\000r\000v\000a\000b\000i\000l\000i\000t\000y}{chapter.3}% 16
\BOOKMARK [1][-]{section.3.5}{\376\377\000T\000y\000p\000e\000S\000c\000r\000i\000p\000t\000\040\000+\000\040\000N\000o\000d\000e\000.\000j\000s}{chapter.3}% 17
\BOOKMARK [1][-]{section.3.6}{\376\377\000C\000l\000o\000u\000d\000f\000l\000a\000r\000e\000\040\040\024\000\040\000P\000r\000o\000d\000u\000c\000t\000\040\000D\000e\000p\000l\000o\000y\000m\000e\000n\000t}{chapter.3}% 18
\BOOKMARK [1][-]{section.3.7}{\376\377\000S\000u\000p\000p\000o\000r\000t\000i\000n\000g\000\040\000S\000t\000a\000c\000k}{chapter.3}% 19
\BOOKMARK [0][-]{chapter.4}{\376\377\000A\000g\000e\000n\000t\000\040\000D\000e\000s\000i\000g\000n}{}% 20
\BOOKMARK [1][-]{section.4.1}{\376\377\000T\000h\000e\000\040\000S\000i\000m\000p\000l\000i\000f\000i\000c\000a\000t\000i\000o\000n\000\040\000T\000h\000e\000s\000i\000s}{chapter.4}% 21
\BOOKMARK [1][-]{section.4.2}{\376\377\000F\000o\000u\000r\000\040\000C\000o\000r\000e\000\040\000A\000g\000e\000n\000t\000s}{chapter.4}% 22
\BOOKMARK [2][-]{subsection.4.2.1}{\376\377\000M\000o\000d\000e\000l\000\040\000A\000s\000s\000i\000g\000n\000m\000e\000n\000t\000s}{section.4.2}% 23
\BOOKMARK [1][-]{section.4.3}{\376\377\000E\000x\000p\000a\000n\000s\000i\000o\000n\000\040\000P\000a\000t\000h\000\040\000t\000o\000\040\0001\0004\000\040\000A\000g\000e\000n\000t\000s}{chapter.4}% 24
\BOOKMARK [1][-]{section.4.4}{\376\377\000B\000u\000d\000g\000e\000t\000\040\000E\000n\000f\000o\000r\000c\000e\000m\000e\000n\000t}{chapter.4}% 25
\BOOKMARK [0][-]{chapter.5}{\376\377\000M\000o\000n\000g\000o\000D\000B\000\040\000D\000e\000e\000p\000\040\000D\000i\000v\000e}{}% 26
\BOOKMARK [1][-]{section.5.1}{\376\377\000C\000h\000a\000n\000g\000e\000\040\000S\000t\000r\000e\000a\000m\000s\000\040\000f\000o\000r\000\040\000A\000g\000e\000n\000t\000\040\000C\000o\000o\000r\000d\000i\000n\000a\000t\000i\000o\000n}{chapter.5}% 27
\BOOKMARK [1][-]{section.5.2}{\376\377\000T\000a\000s\000k\000\040\000Q\000u\000e\000u\000e\000\040\000P\000a\000t\000t\000e\000r\000n}{chapter.5}% 28
\BOOKMARK [1][-]{section.5.3}{\376\377\000V\000e\000c\000t\000o\000r\000\040\000S\000e\000a\000r\000c\000h\000\040\000f\000o\000r\000\040\000A\000g\000e\000n\000t\000\040\000M\000e\000m\000o\000r\000y}{chapter.5}% 29
\BOOKMARK [1][-]{section.5.4}{\376\377\000T\000i\000m\000e\000-\000S\000e\000r\000i\000e\000s\000\040\000C\000o\000l\000l\000e\000c\000t\000i\000o\000n\000s\000\040\000f\000o\000r\000\040\000M\000e\000t\000r\000i\000c\000s}{chapter.5}% 30
\BOOKMARK [1][-]{section.5.5}{\376\377\000K\000n\000o\000w\000l\000e\000d\000g\000e\000\040\000G\000r\000a\000p\000h\000\040\000w\000i\000t\000h\000\040\000\044\000g\000r\000a\000p\000h\000L\000o\000o\000k\000u\000p}{chapter.5}% 31
\BOOKMARK [1][-]{section.5.6}{\376\377\000C\000o\000l\000l\000e\000c\000t\000i\000o\000n\000s\000\040\000A\000r\000c\000h\000i\000t\000e\000c\000t\000u\000r\000e}{chapter.5}% 32
\BOOKMARK [0][-]{chapter.6}{\376\377\000D\000a\000t\000a\000\040\000F\000l\000o\000w\000s}{}% 33
\BOOKMARK [1][-]{section.6.1}{\376\377\000S\000c\000e\000n\000a\000r\000i\000o\000\040\0001\000:\000\040\000B\000u\000i\000l\000d\000\040\000a\000\040\000P\000r\000o\000d\000u\000c\000t}{chapter.6}% 34
\BOOKMARK [1][-]{section.6.2}{\376\377\000S\000c\000e\000n\000a\000r\000i\000o\000\040\0002\000:\000\040\000R\000e\000v\000e\000n\000u\000e\000\040\000E\000n\000g\000i\000n\000e\000\040\000S\000c\000a\000n}{chapter.6}% 35
\BOOKMARK [1][-]{section.6.3}{\376\377\000S\000c\000e\000n\000a\000r\000i\000o\000\040\0003\000:\000\040\000I\000n\000c\000i\000d\000e\000n\000t\000\040\000R\000e\000s\000p\000o\000n\000s\000e}{chapter.6}% 36
\BOOKMARK [0][-]{chapter.7}{\376\377\000S\000e\000c\000u\000r\000i\000t\000y\000\040\000M\000o\000d\000e\000l}{}% 37
\BOOKMARK [1][-]{section.7.1}{\376\377\000T\000h\000r\000e\000a\000t\000\040\000L\000a\000n\000d\000s\000c\000a\000p\000e}{chapter.7}% 38
\BOOKMARK [1][-]{section.7.2}{\376\377\000C\000r\000i\000t\000i\000c\000a\000l\000\040\000F\000i\000n\000d\000i\000n\000g\000\040\0001\000:\000\040\000S\000h\000a\000r\000e\000d\000\040\000F\000i\000l\000e\000s\000y\000s\000t\000e\000m\000\040\000D\000e\000s\000t\000r\000o\000y\000s\000\040\000I\000s\000o\000l\000a\000t\000i\000o\000n}{chapter.7}% 39
\BOOKMARK [1][-]{section.7.3}{\376\377\000C\000r\000i\000t\000i\000c\000a\000l\000\040\000F\000i\000n\000d\000i\000n\000g\000\040\0002\000:\000\040\000P\000r\000o\000m\000p\000t\000\040\000I\000n\000j\000e\000c\000t\000i\000o\000n\000\040\000v\000i\000a\000\040\000I\000n\000t\000e\000r\000-\000A\000g\000e\000n\000t\000\040\000M\000e\000s\000s\000a\000g\000e\000s}{chapter.7}% 40
\BOOKMARK [1][-]{section.7.4}{\376\377\000H\000i\000g\000h\000-\000S\000e\000v\000e\000r\000i\000t\000y\000\040\000F\000i\000n\000d\000i\000n\000g\000s}{chapter.7}% 41
\BOOKMARK [1][-]{section.7.5}{\376\377\000W\000h\000a\000t\000'\000s\000\040\000D\000o\000n\000e\000\040\000W\000e\000l\000l}{chapter.7}% 42
\BOOKMARK [1][-]{section.7.6}{\376\377\000P\000h\000a\000s\000e\000\040\0000\000.\0005\000\040\000S\000e\000c\000u\000r\000i\000t\000y\000\040\000B\000a\000s\000e\000l\000i\000n\000e\000\040\000\050\000W\000e\000e\000k\000\040\0001\000\051}{chapter.7}% 43
\BOOKMARK [0][-]{chapter.8}{\376\377\000C\000o\000s\000t\000\040\000A\000n\000a\000l\000y\000s\000i\000s}{}% 44
\BOOKMARK [1][-]{section.8.1}{\376\377\000M\000o\000n\000t\000h\000l\000y\000\040\000C\000o\000s\000t\000\040\000P\000r\000o\000j\000e\000c\000t\000i\000o\000n\000s}{chapter.8}% 45
\BOOKMARK [1][-]{section.8.2}{\376\377\000R\000e\000v\000e\000n\000u\000e\000\040\000P\000r\000o\000j\000e\000c\000t\000i\000o\000n\000s\000\040\000a\000n\000d\000\040\000B\000r\000e\000a\000k\000-\000E\000v\000e\000n}{chapter.8}% 46
\BOOKMARK [1][-]{section.8.3}{\376\377\000C\000o\000s\000t\000\040\000T\000r\000a\000p\000s}{chapter.8}% 47
\BOOKMARK [0][-]{chapter.9}{\376\377\000R\000i\000s\000k\000\040\000R\000e\000g\000i\000s\000t\000e\000r}{}% 48
\BOOKMARK [1][-]{section.9.1}{\376\377\000T\000o\000p\000\040\0001\0000\000\040\000R\000i\000s\000k\000s}{chapter.9}% 49
\BOOKMARK [1][-]{section.9.2}{\376\377\000C\000r\000i\000t\000i\000c\000a\000l\000\040\000R\000i\000s\000k\000\040\000M\000i\000t\000i\000g\000a\000t\000i\000o\000n\000s}{chapter.9}% 50
\BOOKMARK [2][-]{subsection.9.2.1}{\376\377\000C\000o\000s\000t\000\040\000B\000l\000o\000w\000o\000u\000t\000\040\000\050\000S\000c\000o\000r\000e\000:\000\040\0002\0000\000\051}{section.9.2}% 51
\BOOKMARK [2][-]{subsection.9.2.2}{\376\377\000P\000r\000o\000m\000p\000t\000\040\000I\000n\000j\000e\000c\000t\000i\000o\000n\000\040\000\050\000S\000c\000o\000r\000e\000:\000\040\0002\0000\000\051}{section.9.2}% 52
\BOOKMARK [2][-]{subsection.9.2.3}{\376\377\000S\000i\000n\000g\000l\000e\000\040\000P\000o\000i\000n\000t\000\040\000o\000f\000\040\000F\000a\000i\000l\000u\000r\000e\000\040\000\050\000S\000c\000o\000r\000e\000:\000\040\0001\0006\000\051}{section.9.2}% 53
\BOOKMARK [0][-]{chapter.10}{\376\377\000C\000o\000m\000p\000e\000t\000i\000t\000i\000v\000e\000\040\000M\000o\000a\000t}{}% 54
\BOOKMARK [1][-]{section.10.1}{\376\377\000W\000h\000a\000t\000'\000s\000\040\000D\000e\000f\000e\000n\000s\000i\000b\000l\000e}{chapter.10}% 55
\BOOKMARK [2][-]{subsection.10.1.1}{\376\377\000S\000t\000r\000o\000n\000g\000\040\000M\000o\000a\000t\000s\000\040\000\050\000H\000a\000r\000d\000\040\000t\000o\000\040\000C\000o\000p\000y\000\051}{section.10.1}% 56
\BOOKMARK [2][-]{subsection.10.1.2}{\376\377\000W\000e\000a\000k\000/\000N\000o\000n\000-\000M\000o\000a\000t\000s}{section.10.1}% 57
\BOOKMARK [1][-]{section.10.2}{\376\377\000T\000h\000e\000\040\000D\000a\000t\000a\000\040\000F\000l\000y\000w\000h\000e\000e\000l}{chapter.10}% 58
\BOOKMARK [1][-]{section.10.3}{\376\377\000C\000o\000m\000p\000e\000t\000i\000t\000i\000v\000e\000\040\000T\000h\000r\000e\000a\000t\000s}{chapter.10}% 59
\BOOKMARK [0][-]{chapter.11}{\376\377\000I\000m\000p\000l\000e\000m\000e\000n\000t\000a\000t\000i\000o\000n\000\040\000R\000o\000a\000d\000m\000a\000p}{}% 60
\BOOKMARK [1][-]{section.11.1}{\376\377\000W\000e\000e\000k\000\040\0001\000\040\000S\000p\000r\000i\000n\000t}{chapter.11}% 61
\BOOKMARK [1][-]{section.11.2}{\376\377\000M\000o\000n\000t\000h\000\040\0001\040\023\0003\000\040\000M\000i\000l\000e\000s\000t\000o\000n\000e\000s}{chapter.11}% 62
\BOOKMARK [1][-]{section.11.3}{\376\377\000W\000h\000a\000t\000'\000s\000\040\000E\000x\000p\000l\000i\000c\000i\000t\000l\000y\000\040\000D\000e\000f\000e\000r\000r\000e\000d}{chapter.11}% 63
\BOOKMARK [0][-]{chapter.12}{\376\377\000F\000i\000r\000s\000t\000\040\000P\000r\000o\000d\000u\000c\000t\000:\000\040\000C\000r\000o\000n\000P\000i\000l\000o\000t}{}% 64
\BOOKMARK [1][-]{section.12.1}{\376\377\000P\000r\000o\000d\000u\000c\000t\000\040\000O\000v\000e\000r\000v\000i\000e\000w}{chapter.12}% 65
\BOOKMARK [1][-]{section.12.2}{\376\377\000T\000e\000c\000h\000n\000i\000c\000a\000l\000\040\000A\000r\000c\000h\000i\000t\000e\000c\000t\000u\000r\000e}{chapter.12}% 66
\BOOKMARK [1][-]{section.12.3}{\376\377\000R\000e\000v\000e\000n\000u\000e\000\040\000M\000o\000d\000e\000l}{chapter.12}% 67
\BOOKMARK [1][-]{section.12.4}{\376\377\000B\000u\000i\000l\000d\000\040\000P\000l\000a\000n}{chapter.12}% 68
\BOOKMARK [1][-]{section.12.5}{\376\377\000K\000i\000l\000l\000\040\000C\000r\000i\000t\000e\000r\000i\000a}{chapter.12}% 69
\BOOKMARK [0][-]{chapter*.1}{\376\377\000A\000p\000p\000e\000n\000d\000i\000x\000:\000\040\000F\000u\000l\000l\000\040\000T\000e\000c\000h\000\040\000S\000t\000a\000c\000k\000\040\000D\000e\000c\000i\000s\000i\000o\000n\000\040\000T\000a\000b\000l\000e}{}% 70
